<?xml version="1.0" encoding="UTF-8"?>
<!-- Generated by org.testng.reporters.JUnitReportReporter -->
<testsuite skipped="0" hostname="AP-123" name="com.w2a.testcases.FlightSearchTest" tests="1" failures="0" timestamp="2020-06-13T10:55:26 MESZ" time="14.840" errors="0">
  <testcase name="FlightSearchTest" time="14.840" classname="com.w2a.testcases.FlightSearchTest"/>
</testsuite> <!-- com.w2a.testcases.FlightSearchTest -->
