<?xml version="1.0" encoding="UTF-8"?>
<!-- Generated by org.testng.reporters.JUnitReportReporter -->
<testsuite skipped="0" hostname="AP-123" name="com.w2a.testcases.FlightSearchTest" tests="1" failures="0" timestamp="2020-06-17T11:45:48 MESZ" time="6.603" errors="0">
  <testcase name="FlightSearchTest" time="6.603" classname="com.w2a.testcases.FlightSearchTest"/>
</testsuite> <!-- com.w2a.testcases.FlightSearchTest -->
